{"numTotalTestSuites":3,"numPassedTestSuites":2,"numFailedTestSuites":1,"numPendingTestSuites":0,"numTotalTests":4,"numPassedTests":4,"numFailedTests":0,"numPendingTests":0,"numTodoTests":0,"snapshot":{"added":0,"failure":false,"filesAdded":0,"filesRemoved":0,"filesRemovedList":[],"filesUnmatched":0,"filesUpdated":0,"matched":0,"total":0,"unchecked":0,"uncheckedKeysByFile":[],"unmatched":0,"updated":0,"didUpdate":false},"startTime":1760603457993,"success":false,"testResults":[{"assertionResults":[{"ancestorTitles":["createTextResult"],"fullName":"createTextResult should create a CallToolResult with correct structure","status":"passed","title":"should create a CallToolResult with correct structure","duration":1.1695830000000171,"failureMessages":[],"meta":{}},{"ancestorTitles":["createTextResult"],"fullName":"createTextResult should handle mock data correctly","status":"passed","title":"should handle mock data correctly","duration":0.19025000000002024,"failureMessages":[],"meta":{}},{"ancestorTitles":["createTextResult"],"fullName":"createTextResult should handle null data","status":"passed","title":"should handle null data","duration":0.07200000000000273,"failureMessages":[],"meta":{}},{"ancestorTitles":["createTextResult"],"fullName":"createTextResult should handle undefined data gracefully by converting to null","status":"passed","title":"should handle undefined data gracefully by converting to null","duration":0.10099999999999909,"failureMessages":[],"meta":{}}],"startTime":1760603458167,"endTime":1760603458169.1902,"status":"passed","message":"","name":"/Users/movsiienko/Projects/elephant/elephant-mcp/src/lib/utils.test.ts"},{"assertionResults":[],"startTime":1760603457993,"endTime":1760603457993,"status":"failed","message":"describe is not defined","name":"/Users/movsiienko/Projects/elephant/elephant-mcp/src/tools/dataGroups.test.ts"}]}